Equate elements:  no current cell.
Equate elements:  no current cell.
Class fcdiffamp:  Merged 28 devices.
Class fcdiffamp:  Merged 28 devices.

Subcircuit summary:
Circuit 1: fcdiffamp                       |Circuit 2: fcdiffamp                       
-------------------------------------------|-------------------------------------------
sky130_fd_pr__pfet_01v8 (22)               |sky130_fd_pr__pfet_01v8 (22)               
sky130_fd_pr__nfet_01v8 (6)                |sky130_fd_pr__nfet_01v8 (6)                
Number of devices: 28                      |Number of devices: 28                      
Number of nets: 21                         |Number of nets: 21                         
---------------------------------------------------------------------------------------
Resolving automorphisms by property value.
Resolving automorphisms by pin name.
Netlists match with 3 symmetries.
Circuits match correctly.

Subcircuit pins:
Circuit 1: fcdiffamp                       |Circuit 2: fcdiffamp                       
-------------------------------------------|-------------------------------------------
Vout                                       |Vout                                       
VN                                         |VN                                         
Vbp                                        |Vbp                                        
V1                                         |V1                                         
V2                                         |V2                                         
VP                                         |VP                                         
Vcp                                        |Vcp                                        
Vbn                                        |Vbn                                        
Vcn                                        |Vcn                                        
---------------------------------------------------------------------------------------
Cell pin lists are equivalent.
Device classes fcdiffamp and fcdiffamp are equivalent.
Class fcbias:  Merged 70 devices.
Class fcbias:  Merged 70 devices.

Subcircuit summary:
Circuit 1: fcbias                          |Circuit 2: fcbias                          
-------------------------------------------|-------------------------------------------
sky130_fd_pr__nfet_01v8 (28)               |sky130_fd_pr__nfet_01v8 (28)               
sky130_fd_pr__pfet_01v8 (32)               |sky130_fd_pr__pfet_01v8 (32)               
Number of devices: 60                      |Number of devices: 60                      
Number of nets: 49                         |Number of nets: 49                         
---------------------------------------------------------------------------------------
Circuits match uniquely.
Netlists match uniquely.

Subcircuit pins:
Circuit 1: fcbias                          |Circuit 2: fcbias                          
-------------------------------------------|-------------------------------------------
Vcn                                        |Vcn                                        
Vbn                                        |Vbn                                        
VP                                         |VP                                         
Vbp                                        |Vbp                                        
VN                                         |VN                                         
Vcp                                        |Vcp                                        
---------------------------------------------------------------------------------------
Cell pin lists are equivalent.
Device classes fcbias and fcbias are equivalent.

Subcircuit summary:
Circuit 1: fcdiffamp_full.spice            |Circuit 2: fcdiff_lvs.spice                
-------------------------------------------|-------------------------------------------
fcdiffamp (1)                              |fcdiffamp (1)                              
fcbias (1)                                 |fcbias (1)                                 
Number of devices: 2                       |Number of devices: 2                       
Number of nets: 9                          |Number of nets: 9                          
---------------------------------------------------------------------------------------
Circuits match uniquely.
Netlists match uniquely.
Cells have no pins;  pin matching not needed.
Device classes fcdiffamp_full.spice and fcdiff_lvs.spice are equivalent.
Circuits match uniquely.
